Fri 19 Aug 2022 12:37:08 PM UTC: 
 list.c | 3 ++-
 1 file changed, 2 insertions(+), 1 deletion(-)
 tests:  1|5
total_score: 10/70
fab9344
Fri 19 Aug 2022 12:40:46 PM UTC: 
 list.c | 3 ++-
 1 file changed, 2 insertions(+), 1 deletion(-)
In file included from test.c:5:
list.c: In function ‘firstList’:
list.c:37:3: error: ‘x’ undeclared (first use in this function)
   37 |   x = list.head;
      |   ^
list.c:37:3: note: each undeclared identifier is reported only once for each function it appears in
list.c:37:11: error: ‘list’ is a pointer; did you mean to use ‘->’?
   37 |   x = list.head;
      |           ^
      |           ->
list.c:39:1: error: control reaches end of non-void function [-Werror=return-type]
   39 | }
      | ^
cc1: all warnings being treated as errors
Compilation failed
c6843a3
Fri 19 Aug 2022 12:40:55 PM UTC: 
 list.c | 2 +-
 1 file changed, 1 insertion(+), 1 deletion(-)
In file included from test.c:5:
list.c: In function ‘firstList’:
list.c:37:3: error: ‘x’ undeclared (first use in this function)
   37 |   x = list->head;
      |   ^
list.c:37:3: note: each undeclared identifier is reported only once for each function it appears in
list.c:39:1: error: control reaches end of non-void function [-Werror=return-type]
   39 | }
      | ^
cc1: all warnings being treated as errors
Compilation failed
81a8a9f
Fri 19 Aug 2022 12:41:17 PM UTC: 
 list.c | 2 +-
 1 file changed, 1 insertion(+), 1 deletion(-)
In file included from test.c:5:
list.c: In function ‘firstList’:
list.c:37:3: error: unknown type name ‘x’
   37 |   x* = list->head;
      |   ^
list.c:37:6: error: expected identifier or ‘(’ before ‘=’ token
   37 |   x* = list->head;
      |      ^
list.c:38:10: error: ‘x’ undeclared (first use in this function)
   38 |   return x;
      |          ^
list.c:38:10: note: each undeclared identifier is reported only once for each function it appears in
list.c:39:1: error: control reaches end of non-void function [-Werror=return-type]
   39 | }
      | ^
cc1: all warnings being treated as errors
Compilation failed
51608d2
Fri 19 Aug 2022 12:41:29 PM UTC: 
 list.c | 2 +-
 1 file changed, 1 insertion(+), 1 deletion(-)
In file included from test.c:5:
list.c: In function ‘firstList’:
list.c:37:4: error: ‘x’ undeclared (first use in this function)
   37 |   *x = list->head;
      |    ^
list.c:37:4: note: each undeclared identifier is reported only once for each function it appears in
list.c:39:1: error: control reaches end of non-void function [-Werror=return-type]
   39 | }
      | ^
cc1: all warnings being treated as errors
Compilation failed
9268de0
Fri 19 Aug 2022 12:43:23 PM UTC: 
 list.c | 1 -
 1 file changed, 1 deletion(-)
In file included from test.c:5:
list.c: In function ‘firstList’:
list.c:37:4: error: ‘x’ undeclared (first use in this function)
   37 |   *x = list->head;
      |    ^
list.c:37:4: note: each undeclared identifier is reported only once for each function it appears in
list.c:38:1: error: control reaches end of non-void function [-Werror=return-type]
   38 | }
      | ^
cc1: all warnings being treated as errors
Compilation failed
776df1e
Fri 19 Aug 2022 12:48:42 PM UTC: 
 list.c | 3 ++-
 1 file changed, 2 insertions(+), 1 deletion(-)
In file included from test.c:5:
list.c: In function ‘firstList’:
list.c:37:7: error: ‘list’ is a pointer; did you mean to use ‘->’?
   37 |   list.current -> list.head;
      |       ^
      |       ->
list.c:38:14: error: ‘list’ is a pointer; did you mean to use ‘->’?
   38 |   return list.head;
      |              ^
      |              ->
list.c:39:1: error: control reaches end of non-void function [-Werror=return-type]
   39 | }
      | ^
cc1: all warnings being treated as errors
Compilation failed
c4ed15c
Fri 19 Aug 2022 12:49:19 PM UTC: 
 list.c | 4 ++--
 1 file changed, 2 insertions(+), 2 deletions(-)
 tests:  1|5
total_score: 10/70
68873d5
Fri 19 Aug 2022 12:50:07 PM UTC: 
 list.c | 2 +-
 1 file changed, 1 insertion(+), 1 deletion(-)
 tests:  1|5
total_score: 10/70
6d56ffc
Fri 19 Aug 2022 12:54:14 PM UTC: 
 list.c | 5 +++++
 1 file changed, 5 insertions(+)
 tests:  0|0
b41fd86
Fri 19 Aug 2022 12:55:08 PM UTC: 
 list.c | 1 +
 1 file changed, 1 insertion(+)
 tests:  0|0
0277800
Fri 19 Aug 2022 12:58:01 PM UTC: 
 list.c | 4 ++++
 1 file changed, 4 insertions(+)
 tests:  1|5
total_score: 10/70
7eda088
Fri 19 Aug 2022 12:59:48 PM UTC: 
 list.c | 1 +
 1 file changed, 1 insertion(+)
 tests:  2|4
total_score: 20/70
9ed9026
Fri 19 Aug 2022 01:09:08 PM UTC: 
 list.c | 4 ++++
 1 file changed, 4 insertions(+)
 tests:  2|4
total_score: 20/70
d125fa7
Fri 19 Aug 2022 01:09:29 PM UTC: 
 list.c | 4 ++--
 1 file changed, 2 insertions(+), 2 deletions(-)
 tests:  2|4
total_score: 20/70
eadde66
Fri 19 Aug 2022 01:11:13 PM UTC: 
 list.c | 4 +++-
 1 file changed, 3 insertions(+), 1 deletion(-)
 tests:  2|4
total_score: 20/70
87815a6
Fri 19 Aug 2022 01:11:51 PM UTC: 
 list.c | 4 ++--
 1 file changed, 2 insertions(+), 2 deletions(-)
 tests:  0|0
e8f0ad6
Fri 19 Aug 2022 01:14:49 PM UTC: 
 list.c | 8 +++++++-
 1 file changed, 7 insertions(+), 1 deletion(-)
 tests:  0|0
19c93fd
Fri 19 Aug 2022 01:16:18 PM UTC: 
 list.c | 2 +-
 1 file changed, 1 insertion(+), 1 deletion(-)
 tests:  0|0
3305614
Fri 19 Aug 2022 01:16:37 PM UTC: 
 list.c | 2 +-
 1 file changed, 1 insertion(+), 1 deletion(-)
 tests:  0|0
191fd26
Sun 21 Aug 2022 04:32:53 PM UTC: 
 list.c | 23 ++++++++++++++++++++---
 1 file changed, 20 insertions(+), 3 deletions(-)
In file included from test.c:5:
list.c: In function ‘lastList’:
list.c:63:18: error: ‘Node’ has no member named ‘tail’
   63 |     list->current->tail->data;
      |                  ^~
list.c: In function ‘prevList’:
list.c:74:3: error: expected expression before ‘}’ token
   74 |   }
      |   ^
list.c:75:1: error: control reaches end of non-void function [-Werror=return-type]
   75 | }
      | ^
list.c: In function ‘popCurrent’:
list.c:116:1: error: control reaches end of non-void function [-Werror=return-type]
  116 | }
      | ^
cc1: all warnings being treated as errors
Compilation failed
9115680
Sun 21 Aug 2022 04:34:21 PM UTC: 
 list.c | 2 +-
 1 file changed, 1 insertion(+), 1 deletion(-)
In file included from test.c:5:
list.c: In function ‘prevList’:
list.c:74:3: error: expected expression before ‘}’ token
   74 |   }
      |   ^
list.c:75:1: error: control reaches end of non-void function [-Werror=return-type]
   75 | }
      | ^
list.c: In function ‘popCurrent’:
list.c:116:1: error: control reaches end of non-void function [-Werror=return-type]
  116 | }
      | ^
cc1: all warnings being treated as errors
Compilation failed
913a802
Sun 21 Aug 2022 04:35:52 PM UTC: 
 list.c | 3 +++
 1 file changed, 3 insertions(+)
In file included from test.c:5:
list.c: In function ‘prevList’:
list.c:74:3: error: expected expression before ‘}’ token
   74 |   }else{
      |   ^
list.c: In function ‘popCurrent’:
list.c:119:1: error: control reaches end of non-void function [-Werror=return-type]
  119 | }
      | ^
cc1: all warnings being treated as errors
Compilation failed
d2bb40f
Sun 21 Aug 2022 04:36:09 PM UTC: 
 list.c | 2 +-
 1 file changed, 1 insertion(+), 1 deletion(-)
In file included from test.c:5:
list.c: In function ‘popCurrent’:
list.c:119:1: error: control reaches end of non-void function [-Werror=return-type]
  119 | }
      | ^
cc1: all warnings being treated as errors
Compilation failed
36d7bbc
Sun 21 Aug 2022 04:37:03 PM UTC: 
 list.c | 3 ++-
 1 file changed, 2 insertions(+), 1 deletion(-)
In file included from test.c:5:
list.c: In function ‘popCurrent’:
list.c:120:1: error: control reaches end of non-void function [-Werror=return-type]
  120 | }
      | ^
cc1: all warnings being treated as errors
Compilation failed
ff5d3f9
Sun 21 Aug 2022 04:42:20 PM UTC: 
 list.c | 2 ++
 1 file changed, 2 insertions(+)
 tests:  0|0
90ec435
Sun 21 Aug 2022 04:44:44 PM UTC: 
 list.c | 2 +-
 1 file changed, 1 insertion(+), 1 deletion(-)
 tests:  0|0
91f3b0f
Sun 21 Aug 2022 04:45:26 PM UTC: 
 list.c | 2 +-
 1 file changed, 1 insertion(+), 1 deletion(-)
 tests:  3|4
total_score: 25/70
c2285e4
Sun 21 Aug 2022 04:46:23 PM UTC: 
 list.c | 1 +
 1 file changed, 1 insertion(+)
 tests:  3|4
total_score: 25/70
97d2c3a
Sun 21 Aug 2022 04:47:27 PM UTC: 
 list.c | 2 +-
 1 file changed, 1 insertion(+), 1 deletion(-)
 tests:  3|4
total_score: 25/70
ac0a405
Sun 21 Aug 2022 10:11:45 PM UTC: 
 list.c | 3 ++-
 1 file changed, 2 insertions(+), 1 deletion(-)
 tests:  3|4
total_score: 25/70
eaebd81
Sun 21 Aug 2022 10:12:44 PM UTC: 
 list.c | 3 +--
 1 file changed, 1 insertion(+), 2 deletions(-)
 tests:  0|0
5aaf767
Sun 21 Aug 2022 10:14:32 PM UTC: 
 list.c | 4 ++++
 1 file changed, 4 insertions(+)
 tests:  0|0
327521f
Sun 21 Aug 2022 10:15:48 PM UTC: 
 list.c | 1 -
 1 file changed, 1 deletion(-)
 tests:  6|3
total_score: 35/70
01fb6fa
Sun 21 Aug 2022 10:17:24 PM UTC: 
 list.c | 4 ++--
 1 file changed, 2 insertions(+), 2 deletions(-)
 tests:  6|3
total_score: 35/70
bc9df08
Sun 21 Aug 2022 10:27:56 PM UTC: 
 list.c | 1 +
 1 file changed, 1 insertion(+)
 tests:  6|3
total_score: 35/70
c05b30f
Sun 21 Aug 2022 10:28:42 PM UTC: 
 list.c | 4 ++--
 1 file changed, 2 insertions(+), 2 deletions(-)
 tests:  6|3
total_score: 35/70
4c94849
Sun 21 Aug 2022 10:29:12 PM UTC: 
 list.c | 2 +-
 1 file changed, 1 insertion(+), 1 deletion(-)
 tests:  6|3
total_score: 35/70
e2f7875
Sun 21 Aug 2022 10:29:31 PM UTC: 
 list.c | 2 +-
 1 file changed, 1 insertion(+), 1 deletion(-)
 tests:  6|3
total_score: 35/70
d527f11
Sun 21 Aug 2022 10:29:52 PM UTC: 
 list.c | 2 +-
 1 file changed, 1 insertion(+), 1 deletion(-)
 tests:  7|3
total_score: 35/70
2b06590
Sun 21 Aug 2022 10:30:38 PM UTC: 
 list.c | 2 +-
 1 file changed, 1 insertion(+), 1 deletion(-)
 tests:  0|0
c6677b6
Sun 21 Aug 2022 10:32:40 PM UTC: 
 list.c | 4 ++++
 1 file changed, 4 insertions(+)
 tests:  10|2
total_score: 45/70
6e10b36
Mon 22 Aug 2022 01:27:03 AM UTC: 
 list.c | 2 ++
 1 file changed, 2 insertions(+)
In file included from test.c:5:
list.c: In function ‘pushCurrent’:
list.c:107:9: error: unused variable ‘newNode’ [-Werror=unused-variable]
  107 |   Node *newNode = createNode(data);
      |         ^~~~~~~
cc1: all warnings being treated as errors
Compilation failed
a1eea61
Mon 22 Aug 2022 01:35:57 AM UTC: 
 list.c | 10 ++++++++++
 1 file changed, 10 insertions(+)
 tests:  10|2
total_score: 45/70
06aab27
Mon 22 Aug 2022 01:38:13 AM UTC: 
 list.c | 3 +--
 1 file changed, 1 insertion(+), 2 deletions(-)
 tests:  10|2
total_score: 45/70
fd536e2
Mon 22 Aug 2022 01:39:30 AM UTC: 
 list.c | 4 ++--
 1 file changed, 2 insertions(+), 2 deletions(-)
 tests:  10|2
total_score: 45/70
bcf9902
Mon 22 Aug 2022 01:40:47 AM UTC: 
 list.c | 4 ++--
 1 file changed, 2 insertions(+), 2 deletions(-)
 tests:  10|2
total_score: 45/70
821f5d7
Mon 22 Aug 2022 01:42:37 AM UTC: 
 list.c | 2 +-
 1 file changed, 1 insertion(+), 1 deletion(-)
 tests:  10|2
total_score: 45/70
ae6e799
Mon 22 Aug 2022 01:44:10 AM UTC: 
 list.c | 2 ++
 1 file changed, 2 insertions(+)
 tests:  10|2
total_score: 45/70
48b9446
Mon 22 Aug 2022 01:45:06 AM UTC: 
 list.c | 1 +
 1 file changed, 1 insertion(+)
 tests:  11|1
total_score: 55/70
cda21eb
Mon 22 Aug 2022 01:50:21 AM UTC: 
 list.c | 6 ++++++
 1 file changed, 6 insertions(+)
 tests:  11|1
total_score: 55/70
54ac981
Mon 22 Aug 2022 01:51:02 AM UTC: 
 list.c | 2 --
 1 file changed, 2 deletions(-)
 tests:  11|1
total_score: 55/70
e1d3577
Mon 22 Aug 2022 02:02:31 AM UTC: 
 list.c | 3 +++
 1 file changed, 3 insertions(+)
 tests:  11|1
total_score: 55/70
c971957
Mon 22 Aug 2022 02:11:06 AM UTC: 
 list.c | 6 +++---
 1 file changed, 3 insertions(+), 3 deletions(-)
 tests:  11|1
total_score: 55/70
f05bf93
Mon 22 Aug 2022 02:17:40 AM UTC: 
 list.c | 1 +
 1 file changed, 1 insertion(+)
 tests:  11|1
total_score: 55/70
8473a93
Mon 22 Aug 2022 02:31:31 AM UTC: 
 list.c | 7 ++++---
 1 file changed, 4 insertions(+), 3 deletions(-)
 tests:  0|0
825022b
Mon 22 Aug 2022 02:33:02 AM UTC: 
 list.c | 2 +-
 1 file changed, 1 insertion(+), 1 deletion(-)
 tests:  11|1
total_score: 55/70
393f528
Mon 22 Aug 2022 03:00:33 AM UTC: 
 list.c | 5 +++--
 1 file changed, 3 insertions(+), 2 deletions(-)
 tests:  11|1
total_score: 55/70
e38b8a2
Mon 22 Aug 2022 03:11:00 AM UTC: 
 list.c | 3 ++-
 1 file changed, 2 insertions(+), 1 deletion(-)
 tests:  11|1
total_score: 55/70
c4e6467
Mon 22 Aug 2022 03:16:05 AM UTC: 
 list.c | 6 +++---
 1 file changed, 3 insertions(+), 3 deletions(-)
In file included from test.c:5:
list.c: In function ‘popCurrent’:
list.c:142:7: error: implicit declaration of function ‘Free’; did you mean ‘free’? [-Werror=implicit-function-declaration]
  142 |       Free(current);
      |       ^~~~
      |       free
cc1: all warnings being treated as errors
Compilation failed
f61e99b
Mon 22 Aug 2022 03:16:20 AM UTC: 
 list.c | 6 +++---
 1 file changed, 3 insertions(+), 3 deletions(-)
 tests:  0|0
5d9a6d0
Mon 22 Aug 2022 03:18:38 AM UTC: 
 list.c | 3 +--
 1 file changed, 1 insertion(+), 2 deletions(-)
 tests:  11|1
total_score: 55/70
67398ff
Mon 22 Aug 2022 03:19:08 AM UTC: 
 list.c | 1 +
 1 file changed, 1 insertion(+)
 tests:  0|0
f543673
Mon 22 Aug 2022 03:23:53 AM UTC: 
 list.c | 6 +++---
 1 file changed, 3 insertions(+), 3 deletions(-)
 tests:  11|1
total_score: 55/70
8e725f2
Mon 22 Aug 2022 03:43:51 AM UTC: 
 list.c | 9 ++++-----
 1 file changed, 4 insertions(+), 5 deletions(-)
In file included from test.c:5:
list.c: In function ‘popCurrent’:
list.c:139:22: error: dereferencing ‘void *’ pointer [-Werror]
  139 |       current=current->next;
      |                      ^~
list.c:139:22: error: request for member ‘next’ in something not a structure or union
list.c:142:14: error: ‘newNode’ undeclared (first use in this function); did you mean ‘Node’?
  142 |       return newNode->data;
      |              ^~~~~~~
      |              Node
list.c:142:14: note: each undeclared identifier is reported only once for each function it appears in
list.c:144:14: error: dereferencing ‘void *’ pointer [-Werror]
  144 |       current->prev = list->tail;
      |              ^~
list.c:144:14: error: request for member ‘prev’ in something not a structure or union
list.c:148:14: error: dereferencing ‘void *’ pointer [-Werror]
  148 |       current->prev->next = current->next;
      |              ^~
list.c:148:14: error: request for member ‘prev’ in something not a structure or union
list.c:148:36: error: dereferencing ‘void *’ pointer [-Werror]
  148 |       current->prev->next = current->next;
      |                                    ^~
list.c:148:36: error: request for member ‘next’ in something not a structure or union
list.c:149:14: error: dereferencing ‘void *’ pointer [-Werror]
  149 |       current->next->prev = current->next;
      |              ^~
list.c:149:14: error: request for member ‘next’ in something not a structure or union
list.c:149:36: error: dereferencing ‘void *’ pointer [-Werror]
  149 |       current->next->prev = current->next;
      |                                    ^~
list.c:149:36: error: request for member ‘next’ in something not a structure or union
list.c:154:1: error: control reaches end of non-void function [-Werror=return-type]
  154 | }
      | ^
cc1: all warnings being treated as errors
Compilation failed
6f4ca41
Mon 22 Aug 2022 03:44:12 AM UTC: 
 list.c | 2 +-
 1 file changed, 1 insertion(+), 1 deletion(-)
In file included from test.c:5:
list.c: In function ‘popCurrent’:
list.c:137:3: error: ‘else’ without a previous ‘if’
  137 |   else{
      |   ^~~~
list.c:139:22: error: dereferencing ‘void *’ pointer [-Werror]
  139 |       current=current->next;
      |                      ^~
list.c:139:22: error: request for member ‘next’ in something not a structure or union
list.c:142:14: error: ‘newNode’ undeclared (first use in this function); did you mean ‘Node’?
  142 |       return newNode->data;
      |              ^~~~~~~
      |              Node
list.c:142:14: note: each undeclared identifier is reported only once for each function it appears in
list.c:144:14: error: dereferencing ‘void *’ pointer [-Werror]
  144 |       current->prev = list->tail;
      |              ^~
list.c:144:14: error: request for member ‘prev’ in something not a structure or union
list.c:148:14: error: dereferencing ‘void *’ pointer [-Werror]
  148 |       current->prev->next = current->next;
      |              ^~
list.c:148:14: error: request for member ‘prev’ in something not a structure or union
list.c:148:36: error: dereferencing ‘void *’ pointer [-Werror]
  148 |       current->prev->next = current->next;
      |                                    ^~
list.c:148:36: error: request for member ‘next’ in something not a structure or union
list.c:149:14: error: dereferencing ‘void *’ pointer [-Werror]
  149 |       current->next->prev = current->next;
      |              ^~
list.c:149:14: error: request for member ‘next’ in something not a structure or union
list.c:149:36: error: dereferencing ‘void *’ pointer [-Werror]
  149 |       current->next->prev = current->next;
      |                                    ^~
list.c:149:36: error: request for member ‘next’ in something not a structure or union
list.c:154:1: error: control reaches end of non-void function [-Werror=return-type]
  154 | }
      | ^
cc1: all warnings being treated as errors
Compilation failed
9c4cb44
Mon 22 Aug 2022 03:45:46 AM UTC: 
 list.c | 18 +++++++++---------
 1 file changed, 9 insertions(+), 9 deletions(-)
In file included from test.c:5:
list.c: In function ‘popCurrent’:
list.c:137:3: error: ‘else’ without a previous ‘if’
  137 |   else{
      |   ^~~~
list.c:142:14: error: ‘newNode’ undeclared (first use in this function); did you mean ‘Node’?
  142 |       return newNode->data;
      |              ^~~~~~~
      |              Node
list.c:142:14: note: each undeclared identifier is reported only once for each function it appears in
list.c:135:9: error: unused variable ‘current’ [-Werror=unused-variable]
  135 |   void *current = list->current->data;
      |         ^~~~~~~
list.c:154:1: error: control reaches end of non-void function [-Werror=return-type]
  154 | }
      | ^
cc1: all warnings being treated as errors
Compilation failed
6bb8589
Mon 22 Aug 2022 03:46:02 AM UTC: 
 list.c | 2 +-
 1 file changed, 1 insertion(+), 1 deletion(-)
In file included from test.c:5:
list.c: In function ‘popCurrent’:
list.c:135:9: error: unused variable ‘current’ [-Werror=unused-variable]
  135 |   void *current = list->current->data;
      |         ^~~~~~~
list.c: At top level:
list.c:137:4: error: expected identifier or ‘(’ before ‘else’
  137 |   }else{
      |    ^~~~
list.c:154:1: error: expected identifier or ‘(’ before ‘}’ token
  154 | }
      | ^
list.c: In function ‘popCurrent’:
list.c:137:3: error: control reaches end of non-void function [-Werror=return-type]
  137 |   }else{
      |   ^
cc1: all warnings being treated as errors
Compilation failed
94e0f5e
